{
  "RSpec": {
    "coverage": {
      "/Users/tuannguyen/Desktop/projects/makers-bnb/app.rb": [
        1,
        1,
        null,
        1,
        null,
        1,
        1,
        null,
        1,
        1,
        null,
        null,
        1,
        null,
        null,
        7,
        null,
        null,
        1,
        2,
        null,
        null,
        1,
        3,
        null,
        null,
        1,
        2,
        null,
        null,
        null,
        1,
        1,
        1,
        null,
        1,
        null,
        null,
        1,
        2,
        null,
        null,
        1,
        null
      ],
      "/Users/tuannguyen/Desktop/projects/makers-bnb/spec/back_end/features/web_helpers.rb": [
        1,
        2,
        2,
        2,
        2,
        2,
        2,
        2,
        2,
        null,
        null,
        1,
        0,
        0,
        0,
        0,
        null
      ],
      "/Users/tuannguyen/Desktop/projects/makers-bnb/spec/back_end/features/index_spec.rb": [
        1,
        1,
        1,
        1,
        null,
        null
      ],
      "/Users/tuannguyen/Desktop/projects/makers-bnb/spec/back_end/features/sign_in_spec.rb": [
        1,
        1,
        1,
        1,
        null,
        1,
        1,
        1,
        null,
        null,
        1,
        1,
        1,
        1,
        1,
        1,
        null,
        1,
        1,
        null,
        null
      ],
      "/Users/tuannguyen/Desktop/projects/makers-bnb/spec/back_end/features/sign_up_spec.rb": [
        1,
        1,
        1,
        1,
        1,
        1,
        1,
        1,
        1,
        1,
        1,
        null,
        null
      ],
      "/Users/tuannguyen/Desktop/projects/makers-bnb/spec/back_end/features/view_spaces_spec.rb": [
        1,
        1,
        1,
        1,
        1,
        1,
        1,
        1,
        null,
        null
      ],
      "/Users/tuannguyen/Desktop/projects/makers-bnb/spec/back_end/user_spec.rb": [

      ]
    },
    "timestamp": 1576580821
  }
}
