{
  "RSpec": {
    "coverage": {
      "/Users/SamFolorunsho/CODE Projects/Makers Academy/makers-bnb/app.rb": [
        1,
        1,
        null,
        1,
        null,
        1,
        1,
        null,
        1,
        1,
        null,
        null,
        1,
        12,
        12,
        12,
        null,
        null,
        1,
        4,
        null,
        null,
        1,
        3,
        null,
        null,
        1,
        2,
        2,
        null,
        2,
        null,
        null,
        1,
        0,
        null,
        null,
        1,
        null
      ],
      "/Users/SamFolorunsho/CODE Projects/Makers Academy/makers-bnb/spec/back_end/features/web_helpers.rb": [
        1,
        3,
        3,
        3,
        3,
        3,
        3,
        3,
        3,
        null,
        null,
        1,
        1,
        1,
        1,
        1,
        null
      ],
      "/Users/SamFolorunsho/CODE Projects/Makers Academy/makers-bnb/spec/back_end/features/index_spec.rb": [
        1,
        1,
        1,
        1,
        null,
        null
      ],
      "/Users/SamFolorunsho/CODE Projects/Makers Academy/makers-bnb/spec/back_end/features/sign_in_spec.rb": [
        1,
        1,
        1,
        1,
        null,
        1,
        1,
        null,
        null,
        1,
        1,
        1,
        1,
        1,
        1,
        null,
        1,
        1,
        null,
        null
      ],
      "/Users/SamFolorunsho/CODE Projects/Makers Academy/makers-bnb/spec/back_end/features/sign_up_spec.rb": [
        1,
        1,
        1,
        1,
        1,
        1,
        1,
        1,
        1,
        1,
        1,
        null,
        null,
        1,
        1,
        null,
        1,
        1,
        1,
        null,
        null
      ]
    },
    "timestamp": 1576515852
  }
}
